f:\strategyxxb\trunk\strategyxxb\x64\debug\strategyxxb.pch
f:\strategyxxb\trunk\strategyxxb\x64\debug\vc140.pdb
f:\strategyxxb\trunk\strategyxxb\x64\debug\vc140.idb
f:\strategyxxb\trunk\strategyxxb\x64\debug\stdafx.obj
f:\strategyxxb\trunk\strategyxxb\x64\debug\strategyarbitragenotice.obj
f:\strategyxxb\trunk\strategyxxb\x64\debug\dllmain.obj
f:\strategyxxb\trunk\strategyxxb\x64\debug\recorddata.obj
f:\strategyxxb\trunk\strategyxxb\x64\debug\strategybreakalert.obj
f:\strategyxxb\trunk\strategyxxb\x64\debug\strategycat.obj
f:\strategyxxb\trunk\strategyxxb\x64\debug\strategycoffe.obj
f:\strategyxxb\trunk\strategyxxb\x64\debug\strategyficc.obj
f:\strategyxxb\trunk\strategyxxb\x64\debug\strategygrid.obj
f:\strategyxxb\trunk\strategyxxb\x64\debug\strategypostpone.obj
f:\strategyxxb\trunk\strategyxxb\x64\debug\strategyxxb.obj
f:\strategyxxb\trunk\strategyxxb\x64\debug\strategydeviate.obj
f:\strategyxxb\trunk\strategyxxb\x64\debug\strategyflirt.obj
f:\strategyxxb\trunk\strategyxxb\x64\debug\strategyma.obj
f:\strategyxxb\trunk\strategyxxb\x64\debug\strategyma40alert.obj
f:\strategyxxb\trunk\strategyxxb\x64\debug\strategyonbar.obj
f:\strategyxxb\trunk\strategyxxb\x64\debug\strategytestmtorder.obj
f:\strategyxxb\trunk\strategyxxb\x64\debug\strategyficc_wai.obj
f:\strategyxxb\trunk\strategyxxb\x64\debug\strategyficcw.obj
f:\strategyxxb\trunk\x64\debug\strategydll\strategyxxb.ilk
f:\strategyxxb\trunk\x64\debug\strategydll\strategyxxb.dll
f:\strategyxxb\trunk\x64\debug\strategyxxb.pdb
f:\strategyxxb\trunk\strategyxxb\x64\debug\strategyxxb.res
f:\strategyxxb\trunk\x64\debug\strategyxxb.lib
f:\strategyxxb\trunk\x64\debug\strategyxxb.exp
f:\strategyxxb\trunk\strategyxxb\x64\debug\strategyxxb.tlog\cl.command.1.tlog
f:\strategyxxb\trunk\strategyxxb\x64\debug\strategyxxb.tlog\cl.read.1.tlog
f:\strategyxxb\trunk\strategyxxb\x64\debug\strategyxxb.tlog\cl.write.1.tlog
f:\strategyxxb\trunk\strategyxxb\x64\debug\strategyxxb.tlog\link.command.1.tlog
f:\strategyxxb\trunk\strategyxxb\x64\debug\strategyxxb.tlog\link.read.1.tlog
f:\strategyxxb\trunk\strategyxxb\x64\debug\strategyxxb.tlog\link.write.1.tlog
f:\strategyxxb\trunk\strategyxxb\x64\debug\strategyxxb.tlog\rc.command.1.tlog
f:\strategyxxb\trunk\strategyxxb\x64\debug\strategyxxb.tlog\rc.read.1.tlog
f:\strategyxxb\trunk\strategyxxb\x64\debug\strategyxxb.tlog\rc.write.1.tlog
f:\strategyxxb\trunk\strategyxxb\x64\debug\strategyxxb.tlog\strategyxxb.write.1u.tlog
